{"/Users/vuthanhtrung/Workspace/Training/Calculator/src/Button.js": {"path":"/Users/vuthanhtrung/Workspace/Training/Calculator/src/Button.js","statementMap":{"0":{"start":{"line":1,"column":42},"end":{"line":1,"column":97}},"1":{"start":{"line":1,"column":98},"end":{"line":1,"column":160}},"2":{"start":{"line":1,"column":160},"end":{"line":1,"column":185}},"3":{"start":{"line":1,"column":198},"end":{"line":1,"column":238}},"4":{"start":{"line":2,"column":19},"end":{"line":2,"column":42}},"5":{"start":{"line":3,"column":14},"end":{"line":3,"column":57}},"6":{"start":{"line":3,"column":77},"end":{"line":3,"column":142}},"7":{"start":{"line":5,"column":13},"end":{"line":13,"column":1}},"8":{"start":{"line":5,"column":47},"end":{"line":5,"column":56}},"9":{"start":{"line":5,"column":64},"end":{"line":5,"column":73}},"10":{"start":{"line":5,"column":84},"end":{"line":5,"column":96}},"11":{"start":{"line":6,"column":23},"end":{"line":6,"column":95}},"12":{"start":{"line":7,"column":18},"end":{"line":7,"column":98}},"13":{"start":{"line":8,"column":2},"end":{"line":10,"column":136}},"14":{"start":{"line":15,"column":0},"end":{"line":15,"column":27}},"15":{"start":{"line":15,"column":28},"end":{"line":15,"column":55}}},"fnMap":{"0":{"name":"Button","decl":{"start":{"line":5,"column":22},"end":{"line":5,"column":28}},"loc":{"start":{"line":5,"column":35},"end":{"line":13,"column":1}},"line":5}},"branchMap":{"0":{"loc":{"start":{"line":6,"column":23},"end":{"line":6,"column":95}},"type":"cond-expr","locations":[{"start":{"line":6,"column":36},"end":{"line":6,"column":65}},{"start":{"line":6,"column":68},"end":{"line":6,"column":95}}],"line":6},"1":{"loc":{"start":{"line":7,"column":18},"end":{"line":7,"column":98}},"type":"cond-expr","locations":[{"start":{"line":7,"column":31},"end":{"line":7,"column":64}},{"start":{"line":7,"column":67},"end":{"line":7,"column":98}}],"line":7}},"s":{"0":1,"1":1,"2":1,"3":1,"4":1,"5":1,"6":1,"7":1,"8":8,"9":8,"10":8,"11":8,"12":8,"13":8,"14":1,"15":1},"f":{"0":8},"b":{"0":[4,4],"1":[4,4]},"_coverageSchema":"43e27e138ebf9cfc5966b082cf9a028302ed4184","hash":"0aac011e9f121dda0b9fb163d420a9d9a07dcfb8"}
,"/Users/vuthanhtrung/Workspace/Training/Calculator/src/action.js": {"path":"/Users/vuthanhtrung/Workspace/Training/Calculator/src/action.js","statementMap":{"0":{"start":{"line":1,"column":13},"end":{"line":1,"column":75}},"1":{"start":{"line":1,"column":75},"end":{"line":1,"column":123}},"2":{"start":{"line":1,"column":139},"end":{"line":1,"column":160}},"3":{"start":{"line":3,"column":19},"end":{"line":5,"column":20}},"4":{"start":{"line":3,"column":49},"end":{"line":5,"column":19}},"5":{"start":{"line":5,"column":21},"end":{"line":5,"column":57}},"6":{"start":{"line":8,"column":14},"end":{"line":9,"column":41}},"7":{"start":{"line":8,"column":34},"end":{"line":9,"column":40}},"8":{"start":{"line":9,"column":42},"end":{"line":9,"column":68}}},"fnMap":{"0":{"name":"onInputValue","decl":{"start":{"line":3,"column":28},"end":{"line":3,"column":40}},"loc":{"start":{"line":3,"column":48},"end":{"line":5,"column":20}},"line":3},"1":{"name":"onReset","decl":{"start":{"line":8,"column":23},"end":{"line":8,"column":30}},"loc":{"start":{"line":8,"column":33},"end":{"line":9,"column":41}},"line":8}},"branchMap":{},"s":{"0":1,"1":1,"2":1,"3":1,"4":2,"5":1,"6":1,"7":2,"8":1},"f":{"0":2,"1":2},"b":{},"_coverageSchema":"43e27e138ebf9cfc5966b082cf9a028302ed4184","hash":"4abd56bdf6b387a3b530d74987790b04c74411cb"}
,"/Users/vuthanhtrung/Workspace/Training/Calculator/src/constant.js": {"path":"/Users/vuthanhtrung/Workspace/Training/Calculator/src/constant.js","statementMap":{"0":{"start":{"line":1,"column":13},"end":{"line":1,"column":75}},"1":{"start":{"line":1,"column":75},"end":{"line":1,"column":248}},"2":{"start":{"line":1,"column":259},"end":{"line":17,"column":24}},"3":{"start":{"line":17,"column":25},"end":{"line":17,"column":45}},"4":{"start":{"line":20,"column":19},"end":{"line":20,"column":22}},"5":{"start":{"line":20,"column":23},"end":{"line":20,"column":59}},"6":{"start":{"line":22,"column":20},"end":{"line":22,"column":23}},"7":{"start":{"line":22,"column":24},"end":{"line":22,"column":62}},"8":{"start":{"line":24,"column":13},"end":{"line":28,"column":21}},"9":{"start":{"line":28,"column":22},"end":{"line":28,"column":46}},"10":{"start":{"line":31,"column":18},"end":{"line":33,"column":18}},"11":{"start":{"line":33,"column":19},"end":{"line":33,"column":53}},"12":{"start":{"line":36,"column":15},"end":{"line":36,"column":82}},"13":{"start":{"line":36,"column":41},"end":{"line":36,"column":81}},"14":{"start":{"line":36,"column":83},"end":{"line":36,"column":111}},"15":{"start":{"line":38,"column":17},"end":{"line":38,"column":82}},"16":{"start":{"line":38,"column":41},"end":{"line":38,"column":81}},"17":{"start":{"line":38,"column":83},"end":{"line":38,"column":115}},"18":{"start":{"line":40,"column":21},"end":{"line":40,"column":104}},"19":{"start":{"line":40,"column":53},"end":{"line":40,"column":103}},"20":{"start":{"line":40,"column":105},"end":{"line":40,"column":145}}},"fnMap":{"0":{"name":"isNumber","decl":{"start":{"line":36,"column":24},"end":{"line":36,"column":32}},"loc":{"start":{"line":36,"column":40},"end":{"line":36,"column":82}},"line":36},"1":{"name":"isOperator","decl":{"start":{"line":38,"column":26},"end":{"line":38,"column":36}},"loc":{"start":{"line":38,"column":40},"end":{"line":38,"column":82}},"line":38},"2":{"name":"calculateArray","decl":{"start":{"line":40,"column":30},"end":{"line":40,"column":44}},"loc":{"start":{"line":40,"column":52},"end":{"line":40,"column":104}},"line":40}},"branchMap":{},"s":{"0":5,"1":5,"2":5,"3":5,"4":5,"5":5,"6":5,"7":5,"8":5,"9":5,"10":5,"11":5,"12":5,"13":33,"14":5,"15":5,"16":28,"17":5,"18":5,"19":5,"20":5},"f":{"0":33,"1":28,"2":5},"b":{},"_coverageSchema":"43e27e138ebf9cfc5966b082cf9a028302ed4184","hash":"28a4ef4d0eb203e15a4c7a61789fb98152cd8f1d"}
,"/Users/vuthanhtrung/Workspace/Training/Calculator/src/reducer.js": {"path":"/Users/vuthanhtrung/Workspace/Training/Calculator/src/reducer.js","statementMap":{"0":{"start":{"line":1,"column":42},"end":{"line":1,"column":97}},"1":{"start":{"line":1,"column":98},"end":{"line":1,"column":160}},"2":{"start":{"line":1,"column":160},"end":{"line":1,"column":185}},"3":{"start":{"line":1,"column":208},"end":{"line":1,"column":280}},"4":{"start":{"line":1,"column":297},"end":{"line":1,"column":318}},"5":{"start":{"line":1,"column":372},"end":{"line":1,"column":391}},"6":{"start":{"line":1,"column":392},"end":{"line":1,"column":637}},"7":{"start":{"line":1,"column":441},"end":{"line":1,"column":477}},"8":{"start":{"line":1,"column":478},"end":{"line":1,"column":605}},"9":{"start":{"line":1,"column":498},"end":{"line":1,"column":605}},"10":{"start":{"line":1,"column":539},"end":{"line":1,"column":602}},"11":{"start":{"line":1,"column":605},"end":{"line":1,"column":636}},"12":{"start":{"line":1,"column":637},"end":{"line":1,"column":649}},"13":{"start":{"line":1,"column":682},"end":{"line":1,"column":1167}},"14":{"start":{"line":1,"column":695},"end":{"line":1,"column":696}},"15":{"start":{"line":1,"column":739},"end":{"line":1,"column":779}},"16":{"start":{"line":1,"column":780},"end":{"line":1,"column":1166}},"17":{"start":{"line":1,"column":792},"end":{"line":1,"column":905}},"18":{"start":{"line":1,"column":846},"end":{"line":1,"column":902}},"19":{"start":{"line":1,"column":912},"end":{"line":1,"column":1166}},"20":{"start":{"line":1,"column":951},"end":{"line":1,"column":1025}},"21":{"start":{"line":1,"column":1033},"end":{"line":1,"column":1165}},"22":{"start":{"line":1,"column":1081},"end":{"line":1,"column":1162}},"23":{"start":{"line":1,"column":1167},"end":{"line":1,"column":1181}},"24":{"start":{"line":3,"column":20},"end":{"line":4,"column":24}},"25":{"start":{"line":7,"column":14},"end":{"line":65,"column":1}},"26":{"start":{"line":7,"column":46},"end":{"line":7,"column":127}},"27":{"start":{"line":7,"column":141},"end":{"line":7,"column":188}},"28":{"start":{"line":8,"column":2},"end":{"line":63,"column":20}},"29":{"start":{"line":10,"column":16},"end":{"line":10,"column":28}},"30":{"start":{"line":11,"column":24},"end":{"line":11,"column":43}},"31":{"start":{"line":12,"column":8},"end":{"line":14,"column":9}},"32":{"start":{"line":13,"column":10},"end":{"line":13,"column":68}},"33":{"start":{"line":15,"column":24},"end":{"line":15,"column":48}},"34":{"start":{"line":16,"column":24},"end":{"line":16,"column":48}},"35":{"start":{"line":17,"column":8},"end":{"line":53,"column":9}},"36":{"start":{"line":18,"column":10},"end":{"line":35,"column":11}},"37":{"start":{"line":19,"column":12},"end":{"line":23,"column":13}},"38":{"start":{"line":20,"column":14},"end":{"line":20,"column":39}},"39":{"start":{"line":22,"column":14},"end":{"line":22,"column":40}},"40":{"start":{"line":24,"column":17},"end":{"line":35,"column":11}},"41":{"start":{"line":25,"column":12},"end":{"line":27,"column":13}},"42":{"start":{"line":26,"column":14},"end":{"line":26,"column":25}},"43":{"start":{"line":28,"column":27},"end":{"line":28,"column":49}},"44":{"start":{"line":29,"column":12},"end":{"line":31,"column":13}},"45":{"start":{"line":30,"column":14},"end":{"line":30,"column":53}},"46":{"start":{"line":32,"column":12},"end":{"line":32,"column":48}},"47":{"start":{"line":34,"column":12},"end":{"line":34,"column":34}},"48":{"start":{"line":36,"column":15},"end":{"line":53,"column":9}},"49":{"start":{"line":37,"column":10},"end":{"line":44,"column":11}},"50":{"start":{"line":38,"column":12},"end":{"line":38,"column":83}},"51":{"start":{"line":39,"column":12},"end":{"line":39,"column":38}},"52":{"start":{"line":40,"column":17},"end":{"line":44,"column":11}},"53":{"start":{"line":41,"column":12},"end":{"line":41,"column":45}},"54":{"start":{"line":43,"column":12},"end":{"line":43,"column":34}},"55":{"start":{"line":45,"column":15},"end":{"line":53,"column":9}},"56":{"start":{"line":46,"column":10},"end":{"line":48,"column":11}},"57":{"start":{"line":47,"column":12},"end":{"line":47,"column":44}},"58":{"start":{"line":49,"column":10},"end":{"line":49,"column":36}},"59":{"start":{"line":50,"column":10},"end":{"line":50,"column":83}},"60":{"start":{"line":52,"column":10},"end":{"line":52,"column":46}},"61":{"start":{"line":54,"column":23},"end":{"line":54,"column":55}},"62":{"start":{"line":55,"column":8},"end":{"line":55,"column":24}},"63":{"start":{"line":58,"column":6},"end":{"line":60,"column":32}},"64":{"start":{"line":63,"column":6},"end":{"line":63,"column":19}},"65":{"start":{"line":67,"column":0},"end":{"line":67,"column":7}},"66":{"start":{"line":67,"column":8},"end":{"line":67,"column":35}}},"fnMap":{"0":{"name":"ownKeys","decl":{"start":{"line":1,"column":328},"end":{"line":1,"column":335}},"loc":{"start":{"line":1,"column":360},"end":{"line":1,"column":650}},"line":1},"1":{"name":"(anonymous_1)","decl":{"start":{"line":1,"column":523},"end":{"line":1,"column":524}},"loc":{"start":{"line":1,"column":538},"end":{"line":1,"column":603}},"line":1},"2":{"name":"_objectSpread","decl":{"start":{"line":1,"column":659},"end":{"line":1,"column":672}},"loc":{"start":{"line":1,"column":681},"end":{"line":1,"column":1182}},"line":1},"3":{"name":"(anonymous_3)","decl":{"start":{"line":1,"column":830},"end":{"line":1,"column":831}},"loc":{"start":{"line":1,"column":845},"end":{"line":1,"column":903}},"line":1},"4":{"name":"(anonymous_4)","decl":{"start":{"line":1,"column":1065},"end":{"line":1,"column":1066}},"loc":{"start":{"line":1,"column":1080},"end":{"line":1,"column":1163}},"line":1},"5":{"name":"reducer","decl":{"start":{"line":7,"column":23},"end":{"line":7,"column":30}},"loc":{"start":{"line":7,"column":33},"end":{"line":65,"column":1}},"line":7}},"branchMap":{"0":{"loc":{"start":{"line":1,"column":392},"end":{"line":1,"column":637}},"type":"if","locations":[{"start":{"line":1,"column":392},"end":{"line":1,"column":637}},{"start":{"line":1,"column":392},"end":{"line":1,"column":637}}],"line":1},"1":{"loc":{"start":{"line":1,"column":478},"end":{"line":1,"column":605}},"type":"if","locations":[{"start":{"line":1,"column":478},"end":{"line":1,"column":605}},{"start":{"line":1,"column":478},"end":{"line":1,"column":605}}],"line":1},"2":{"loc":{"start":{"line":1,"column":739},"end":{"line":1,"column":779}},"type":"cond-expr","locations":[{"start":{"line":1,"column":762},"end":{"line":1,"column":774}},{"start":{"line":1,"column":777},"end":{"line":1,"column":779}}],"line":1},"3":{"loc":{"start":{"line":1,"column":780},"end":{"line":1,"column":1166}},"type":"if","locations":[{"start":{"line":1,"column":780},"end":{"line":1,"column":1166}},{"start":{"line":1,"column":780},"end":{"line":1,"column":1166}}],"line":1},"4":{"loc":{"start":{"line":1,"column":912},"end":{"line":1,"column":1166}},"type":"if","locations":[{"start":{"line":1,"column":912},"end":{"line":1,"column":1166}},{"start":{"line":1,"column":912},"end":{"line":1,"column":1166}}],"line":1},"5":{"loc":{"start":{"line":7,"column":46},"end":{"line":7,"column":127}},"type":"cond-expr","locations":[{"start":{"line":7,"column":99},"end":{"line":7,"column":111}},{"start":{"line":7,"column":114},"end":{"line":7,"column":127}}],"line":7},"6":{"loc":{"start":{"line":7,"column":46},"end":{"line":7,"column":96}},"type":"binary-expr","locations":[{"start":{"line":7,"column":46},"end":{"line":7,"column":66}},{"start":{"line":7,"column":70},"end":{"line":7,"column":96}}],"line":7},"7":{"loc":{"start":{"line":7,"column":141},"end":{"line":7,"column":188}},"type":"cond-expr","locations":[{"start":{"line":7,"column":164},"end":{"line":7,"column":176}},{"start":{"line":7,"column":179},"end":{"line":7,"column":188}}],"line":7},"8":{"loc":{"start":{"line":8,"column":2},"end":{"line":63,"column":20}},"type":"switch","locations":[{"start":{"line":9,"column":4},"end":{"line":56,"column":7}},{"start":{"line":57,"column":4},"end":{"line":60,"column":32}},{"start":{"line":62,"column":4},"end":{"line":63,"column":19}}],"line":8},"9":{"loc":{"start":{"line":12,"column":8},"end":{"line":14,"column":9}},"type":"if","locations":[{"start":{"line":12,"column":8},"end":{"line":14,"column":9}},{"start":{"line":12,"column":8},"end":{"line":14,"column":9}}],"line":12},"10":{"loc":{"start":{"line":17,"column":8},"end":{"line":53,"column":9}},"type":"if","locations":[{"start":{"line":17,"column":8},"end":{"line":53,"column":9}},{"start":{"line":17,"column":8},"end":{"line":53,"column":9}}],"line":17},"11":{"loc":{"start":{"line":17,"column":12},"end":{"line":17,"column":59}},"type":"binary-expr","locations":[{"start":{"line":17,"column":12},"end":{"line":17,"column":42}},{"start":{"line":17,"column":46},"end":{"line":17,"column":59}}],"line":17},"12":{"loc":{"start":{"line":18,"column":10},"end":{"line":35,"column":11}},"type":"if","locations":[{"start":{"line":18,"column":10},"end":{"line":35,"column":11}},{"start":{"line":18,"column":10},"end":{"line":35,"column":11}}],"line":18},"13":{"loc":{"start":{"line":19,"column":12},"end":{"line":23,"column":13}},"type":"if","locations":[{"start":{"line":19,"column":12},"end":{"line":23,"column":13}},{"start":{"line":19,"column":12},"end":{"line":23,"column":13}}],"line":19},"14":{"loc":{"start":{"line":24,"column":17},"end":{"line":35,"column":11}},"type":"if","locations":[{"start":{"line":24,"column":17},"end":{"line":35,"column":11}},{"start":{"line":24,"column":17},"end":{"line":35,"column":11}}],"line":24},"15":{"loc":{"start":{"line":24,"column":21},"end":{"line":24,"column":72}},"type":"binary-expr","locations":[{"start":{"line":24,"column":21},"end":{"line":24,"column":55}},{"start":{"line":24,"column":59},"end":{"line":24,"column":72}}],"line":24},"16":{"loc":{"start":{"line":25,"column":12},"end":{"line":27,"column":13}},"type":"if","locations":[{"start":{"line":25,"column":12},"end":{"line":27,"column":13}},{"start":{"line":25,"column":12},"end":{"line":27,"column":13}}],"line":25},"17":{"loc":{"start":{"line":25,"column":16},"end":{"line":25,"column":56}},"type":"binary-expr","locations":[{"start":{"line":25,"column":16},"end":{"line":25,"column":39}},{"start":{"line":25,"column":43},"end":{"line":25,"column":56}}],"line":25},"18":{"loc":{"start":{"line":29,"column":12},"end":{"line":31,"column":13}},"type":"if","locations":[{"start":{"line":29,"column":12},"end":{"line":31,"column":13}},{"start":{"line":29,"column":12},"end":{"line":31,"column":13}}],"line":29},"19":{"loc":{"start":{"line":36,"column":15},"end":{"line":53,"column":9}},"type":"if","locations":[{"start":{"line":36,"column":15},"end":{"line":53,"column":9}},{"start":{"line":36,"column":15},"end":{"line":53,"column":9}}],"line":36},"20":{"loc":{"start":{"line":37,"column":10},"end":{"line":44,"column":11}},"type":"if","locations":[{"start":{"line":37,"column":10},"end":{"line":44,"column":11}},{"start":{"line":37,"column":10},"end":{"line":44,"column":11}}],"line":37},"21":{"loc":{"start":{"line":40,"column":17},"end":{"line":44,"column":11}},"type":"if","locations":[{"start":{"line":40,"column":17},"end":{"line":44,"column":11}},{"start":{"line":40,"column":17},"end":{"line":44,"column":11}}],"line":40},"22":{"loc":{"start":{"line":45,"column":15},"end":{"line":53,"column":9}},"type":"if","locations":[{"start":{"line":45,"column":15},"end":{"line":53,"column":9}},{"start":{"line":45,"column":15},"end":{"line":53,"column":9}}],"line":45},"23":{"loc":{"start":{"line":46,"column":10},"end":{"line":48,"column":11}},"type":"if","locations":[{"start":{"line":46,"column":10},"end":{"line":48,"column":11}},{"start":{"line":46,"column":10},"end":{"line":48,"column":11}}],"line":46}},"s":{"0":1,"1":1,"2":1,"3":1,"4":1,"5":1,"6":1,"7":1,"8":1,"9":1,"10":0,"11":1,"12":1,"13":1,"14":1,"15":2,"16":2,"17":1,"18":1,"19":1,"20":1,"21":0,"22":0,"23":1,"24":1,"25":1,"26":19,"27":19,"28":19,"29":17,"30":17,"31":17,"32":2,"33":17,"34":17,"35":17,"36":11,"37":2,"38":1,"39":1,"40":9,"41":8,"42":2,"43":8,"44":8,"45":5,"46":8,"47":1,"48":6,"49":3,"50":1,"51":1,"52":2,"53":1,"54":1,"55":3,"56":2,"57":1,"58":2,"59":2,"60":1,"61":17,"62":17,"63":1,"64":1,"65":1,"66":1},"f":{"0":1,"1":0,"2":1,"3":1,"4":0,"5":19},"b":{"0":[1,0],"1":[1,0],"2":[2,0],"3":[1,1],"4":[1,0],"5":[17,2],"6":[19,19],"7":[19,0],"8":[17,1,1],"9":[2,15],"10":[11,6],"11":[17,10],"12":[2,9],"13":[1,1],"14":[8,1],"15":[9,1],"16":[2,6],"17":[8,2],"18":[5,3],"19":[3,3],"20":[1,2],"21":[1,1],"22":[2,1],"23":[1,1]},"_coverageSchema":"43e27e138ebf9cfc5966b082cf9a028302ed4184","hash":"dd0b78d9d8adfdef7fe26b21c237c5d6f7997a1f"}
}
