TN:
SF:/Users/vuthanhtrung/Workspace/Training/Calculator/src/Button.js
FN:5,Button
FNF:1
FNH:1
FNDA:8,Button
DA:1,1
DA:2,1
DA:3,1
DA:5,8
DA:6,8
DA:7,8
DA:8,8
DA:15,1
LF:8
LH:8
BRDA:6,0,0,4
BRDA:6,0,1,4
BRDA:7,1,0,4
BRDA:7,1,1,4
BRF:4
BRH:4
end_of_record
TN:
SF:/Users/vuthanhtrung/Workspace/Training/Calculator/src/action.js
FN:3,onInputValue
FN:8,onReset
FNF:2
FNH:2
FNDA:2,onInputValue
FNDA:2,onReset
DA:1,1
DA:3,2
DA:5,1
DA:8,2
DA:9,1
LF:5
LH:5
BRF:0
BRH:0
end_of_record
TN:
SF:/Users/vuthanhtrung/Workspace/Training/Calculator/src/constant.js
FN:36,isNumber
FN:38,isOperator
FN:40,calculateArray
FNF:3
FNH:3
FNDA:33,isNumber
FNDA:28,isOperator
FNDA:5,calculateArray
DA:1,5
DA:17,5
DA:20,5
DA:22,5
DA:24,5
DA:28,5
DA:31,5
DA:33,5
DA:36,33
DA:38,28
DA:40,5
LF:11
LH:11
BRF:0
BRH:0
end_of_record
TN:
SF:/Users/vuthanhtrung/Workspace/Training/Calculator/src/reducer.js
FN:1,ownKeys
FN:1,(anonymous_1)
FN:1,_objectSpread
FN:1,(anonymous_3)
FN:1,(anonymous_4)
FN:7,reducer
FNF:6
FNH:4
FNDA:1,ownKeys
FNDA:0,(anonymous_1)
FNDA:1,_objectSpread
FNDA:1,(anonymous_3)
FNDA:0,(anonymous_4)
FNDA:19,reducer
DA:1,2
DA:3,1
DA:7,19
DA:8,19
DA:10,17
DA:11,17
DA:12,17
DA:13,2
DA:15,17
DA:16,17
DA:17,17
DA:18,11
DA:19,2
DA:20,1
DA:22,1
DA:24,9
DA:25,8
DA:26,2
DA:28,8
DA:29,8
DA:30,5
DA:32,8
DA:34,1
DA:36,6
DA:37,3
DA:38,1
DA:39,1
DA:40,2
DA:41,1
DA:43,1
DA:45,3
DA:46,2
DA:47,1
DA:49,2
DA:50,2
DA:52,1
DA:54,17
DA:55,17
DA:58,1
DA:63,1
DA:67,1
LF:41
LH:41
BRDA:1,0,0,1
BRDA:1,0,1,0
BRDA:1,1,0,1
BRDA:1,1,1,0
BRDA:1,2,0,2
BRDA:1,2,1,0
BRDA:1,3,0,1
BRDA:1,3,1,1
BRDA:1,4,0,1
BRDA:1,4,1,0
BRDA:7,5,0,17
BRDA:7,5,1,2
BRDA:7,6,0,19
BRDA:7,6,1,19
BRDA:7,7,0,19
BRDA:7,7,1,0
BRDA:8,8,0,17
BRDA:8,8,1,1
BRDA:8,8,2,1
BRDA:12,9,0,2
BRDA:12,9,1,15
BRDA:17,10,0,11
BRDA:17,10,1,6
BRDA:17,11,0,17
BRDA:17,11,1,10
BRDA:18,12,0,2
BRDA:18,12,1,9
BRDA:19,13,0,1
BRDA:19,13,1,1
BRDA:24,14,0,8
BRDA:24,14,1,1
BRDA:24,15,0,9
BRDA:24,15,1,1
BRDA:25,16,0,2
BRDA:25,16,1,6
BRDA:25,17,0,8
BRDA:25,17,1,2
BRDA:29,18,0,5
BRDA:29,18,1,3
BRDA:36,19,0,3
BRDA:36,19,1,3
BRDA:37,20,0,1
BRDA:37,20,1,2
BRDA:40,21,0,1
BRDA:40,21,1,1
BRDA:45,22,0,2
BRDA:45,22,1,1
BRDA:46,23,0,1
BRDA:46,23,1,1
BRF:49
BRH:44
end_of_record
